<?xml version="1.0" encoding="UTF-8"?>
<!-- Generated by org.testng.reporters.JUnitReportReporter -->
<testsuite hostname="LAPTOP-CB45H386" failures="0" tests="3" name="demo.LoginTest" time="34.292" errors="0" timestamp="2024-06-02T18:07:41 IST" skipped="0">
  <testcase classname="demo.LoginTest" name="loginTest" time="11.792">
    <system-out>
      <![CDATA[loginTest test script execution started
loginTest test script successfully executed]]>
    </system-out>
  </testcase> <!-- loginTest -->
  <testcase classname="demo.LoginTest" name="loginTest" time="13.890">
    <system-out>
      <![CDATA[loginTest test script execution started
loginTest test script successfully executed]]>
    </system-out>
  </testcase> <!-- loginTest -->
  <testcase classname="demo.LoginTest" name="loginTest" time="8.610">
    <system-out>
      <![CDATA[loginTest test script execution started
loginTest test script successfully executed]]>
    </system-out>
  </testcase> <!-- loginTest -->
  <system-out>
    <![CDATA[Surefire suite has started execution
addAddressTest test script execution started
addAddressTest test script successfully executed
demoTest test script execution started
Demo Web Shop
demoTest test script successfully executed
loginTest test script execution started
loginTest test script successfully executed
loginTest test script execution started
loginTest test script successfully executed
loginTest test script execution started
loginTest test script successfully executed]]>
  </system-out>
</testsuite> <!-- demo.LoginTest -->
