<?xml version="1.0" encoding="UTF-8"?>
<!-- Generated by org.testng.reporters.JUnitReportReporter -->
<testsuite hostname="LAPTOP-CB45H386" failures="0" tests="3" name="demo.LoginTest" time="55.893" errors="0" timestamp="2024-05-18T17:39:39 IST" skipped="0">
  <testcase classname="demo.LoginTest" name="logintest" time="24.912"/>
  <testcase classname="demo.LoginTest" name="logintest" time="18.585"/>
  <testcase classname="demo.LoginTest" name="logintest" time="12.396"/>
</testsuite> <!-- demo.LoginTest -->
