<?xml version="1.0" encoding="UTF-8"?>
<!-- Generated by org.testng.reporters.JUnitReportReporter -->
<testsuite hostname="LAPTOP-CB45H386" failures="0" tests="1" name="demo.Asserts" time="22.356" errors="0" timestamp="2024-05-18T11:07:14 IST" skipped="0">
  <testcase classname="demo.Asserts" name="demo" time="22.356">
    <system-out>
      <![CDATA[Login Displayed]]>
    </system-out>
  </testcase> <!-- demo -->
  <system-out>
    <![CDATA[Login Displayed]]>
  </system-out>
</testsuite> <!-- demo.Asserts -->
