<?xml version="1.0" encoding="UTF-8"?>
<!-- Generated by org.testng.reporters.JUnitReportReporter -->
<testsuite hostname="LAPTOP-CB45H386" failures="0" tests="1" name="demo.Demo" time="6.434" errors="0" timestamp="2024-05-26T16:17:16 IST" skipped="0">
  <testcase classname="demo.Demo" name="demo" time="6.434">
    <system-out>
      <![CDATA[Demo Web Shop]]>
    </system-out>
  </testcase> <!-- demo -->
  <system-out>
    <![CDATA[Demo Web Shop]]>
  </system-out>
</testsuite> <!-- demo.Demo -->
