<?xml version="1.0" encoding="UTF-8"?>
<!-- Generated by org.testng.reporters.JUnitReportReporter -->
<testsuite hostname="LAPTOP-CB45H386" failures="0" tests="1" name="demo.Demo3Failed" time="8.588" errors="0" timestamp="2024-05-26T17:21:43 IST" skipped="0">
  <testcase classname="demo.Demo3Failed" name="demo" time="8.588">
    <system-out>
      <![CDATA[demo test script execution started
demo test script successfully executed]]>
    </system-out>
  </testcase> <!-- demo -->
  <system-out>
    <![CDATA[Default suite has started execution
demo test script execution started
demo test script successfully executed]]>
  </system-out>
</testsuite> <!-- demo.Demo3Failed -->
