<?xml version="1.0" encoding="UTF-8"?>
<!-- Generated by org.testng.reporters.JUnitReportReporter -->
<testsuite hostname="LAPTOP-CB45H386" failures="0" tests="3" name="demo.LoginCheck" time="50.464" errors="0" timestamp="2024-05-18T17:13:45 IST" skipped="0">
  <testcase classname="demo.LoginCheck" name="logincheck" time="21.973"/>
  <testcase classname="demo.LoginCheck" name="logincheck" time="14.032"/>
  <testcase classname="demo.LoginCheck" name="logincheck" time="14.459"/>
</testsuite> <!-- demo.LoginCheck -->
